telegram-web-app.js?v2:135 [Telegram.WebView] > postEvent web_app_set_header_color {color_key: 'bg_color'}
telegram-web-app.js?v2:135 [Telegram.WebView] > postEvent web_app_set_background_color {color: '#ffffff'}
telegram-web-app.js?v2:135 [Telegram.WebView] > postEvent web_app_set_bottom_bar_color {color: '#ffffff'}
telegram-web-app.js?v2:135 [Telegram.WebView] > postEvent web_app_request_theme 
telegram-web-app.js?v2:135 [Telegram.WebView] > postEvent web_app_request_viewport 
telegram-web-app.js?v2:135 [Telegram.WebView] > postEvent web_app_request_safe_area 
telegram-web-app.js?v2:135 [Telegram.WebView] > postEvent web_app_request_content_safe_area 
telegram-web-app.js?v2:162 [Telegram.WebView] < receiveEvent viewport_changed {height: 590, is_state_stable: true, is_expanded: true}
telegram-web-app.js?v2:162 [Telegram.WebView] < receiveEvent safe_area_changed {top: 0, right: 0, bottom: 0, left: 0}
telegram-web-app.js?v2:162 [Telegram.WebView] < receiveEvent content_safe_area_changed {top: 0, right: 0, bottom: 0, left: 0}
telegram-web-app.js?v2:162 [Telegram.WebView] < receiveEvent theme_changed {theme_params: {…}}
telegram-web-app.js?v2:135 [Telegram.WebView] > postEvent web_app_setup_main_button {is_visible: false}
telegram-web-app.js?v2:135 [Telegram.WebView] > postEvent web_app_setup_secondary_button {is_visible: false}
Tracking Prevention blocked access to storage for <URL>.
Tracking Prevention blocked access to storage for <URL>.
Tracking Prevention blocked access to storage for <URL>.
Tracking Prevention blocked access to storage for <URL>.
Tracking Prevention blocked access to storage for <URL>.
Tracking Prevention blocked access to storage for <URL>.
Tracking Prevention blocked access to storage for <URL>.
Tracking Prevention blocked access to storage for <URL>.
Tracking Prevention blocked access to storage for <URL>.
Tracking Prevention blocked access to storage for <URL>.
Tracking Prevention blocked access to storage for <URL>.
Tracking Prevention blocked access to storage for <URL>.
Tracking Prevention blocked access to storage for <URL>.
Tracking Prevention blocked access to storage for <URL>.
Tracking Prevention blocked access to storage for <URL>.
Tracking Prevention blocked access to storage for <URL>.
Tracking Prevention blocked access to storage for <URL>.
Tracking Prevention blocked access to storage for <URL>.
Tracking Prevention blocked access to storage for <URL>.
Tracking Prevention blocked access to storage for <URL>.
Tracking Prevention blocked access to storage for <URL>.
Tracking Prevention blocked access to storage for <URL>.
Tracking Prevention blocked access to storage for <URL>.
Tracking Prevention blocked access to storage for <URL>.
Tracking Prevention blocked access to storage for <URL>.
Tracking Prevention blocked access to storage for <URL>.
Tracking Prevention blocked access to storage for <URL>.
Tracking Prevention blocked access to storage for <URL>.
telegram-web-app.js?v2:135 [Telegram.WebView] > postEvent web_app_invoke_custom_method {req_id: 'eDemeXPlwvfsW7tI', method: 'getStorageValues', params: {…}}
telegram-web-app.js?v2:135 [Telegram.WebView] > postEvent web_app_invoke_custom_method {req_id: '5w5t44CglNATirIp', method: 'getStorageValues', params: {…}}
telegram-web-app.js?v2:135 [Telegram.WebView] > postEvent web_app_invoke_custom_method {req_id: 'JDKehN4d2cE8h4gn', method: 'getStorageValues', params: {…}}
telegram-web-app.js?v2:135 [Telegram.WebView] > postEvent web_app_invoke_custom_method {req_id: 'irKLtjFBorrH6SDY', method: 'getStorageValues', params: {…}}
telegram-web-app.js?v2:135 [Telegram.WebView] > postEvent web_app_invoke_custom_method {req_id: 'qx0pcAfRqw5YCYBK', method: 'getStorageValues', params: {…}}
vendor-sentry-DMzuDatH.js:15 [Telegram.WebView] > postEvent web_app_ready 
vendor-sentry-DMzuDatH.js:15 [Telegram.WebView] > postEvent web_app_expand 
vendor-sentry-DMzuDatH.js:15 [Telegram.WebView] > postEvent web_app_setup_swipe_behavior {allow_vertical_swipe: false}
vendor-sentry-DMzuDatH.js:15 [Telegram.WebView] > postEvent web_app_setup_closing_behavior {need_confirmation: true}
vendor-sentry-DMzuDatH.js:15 [Telegram.WebView] < receiveEvent custom_method_invoked {req_id: 'eDemeXPlwvfsW7tI', result: {…}}
vendor-sentry-DMzuDatH.js:15 [Telegram.WebView] > postEvent web_app_invoke_custom_method {req_id: '6op9q4rwkj6YeT6i', method: 'saveStorageValue', params: {…}}
vendor-sentry-DMzuDatH.js:15 [Telegram.WebView] < receiveEvent custom_method_invoked {req_id: 'irKLtjFBorrH6SDY', result: {…}}
vendor-sentry-DMzuDatH.js:15 [Telegram.WebView] < receiveEvent custom_method_invoked {req_id: '5w5t44CglNATirIp', result: {…}}
vendor-sentry-DMzuDatH.js:15 [Telegram.WebView] < receiveEvent custom_method_invoked {req_id: 'qx0pcAfRqw5YCYBK', result: {…}}
vendor-sentry-DMzuDatH.js:15 [Telegram.WebView] < receiveEvent custom_method_invoked {req_id: 'JDKehN4d2cE8h4gn', result: {…}}
vendor-sentry-DMzuDatH.js:15 [Telegram.WebView] < receiveEvent custom_method_invoked {req_id: '6op9q4rwkj6YeT6i', result: true}
vendor-sentry-DMzuDatH.js:15 [Telegram.WebView] > postEvent web_app_set_header_color {color: '#270966'}
vendor-sentry-DMzuDatH.js:15 [Telegram.WebView] > postEvent web_app_invoke_custom_method {req_id: 'sABGwJYHUN570VQz', method: 'saveStorageValue', params: {…}}
vendor-sentry-DMzuDatH.js:15 [Telegram.WebView] > postEvent web_app_setup_settings_button {is_visible: true}
vendor-sentry-DMzuDatH.js:15 [Telegram.WebView] > postEvent web_app_invoke_custom_method {req_id: '8BRA9hkbtURIRZpv', method: 'saveStorageValue', params: {…}}
vendor-sentry-DMzuDatH.js:15 [autocapture] Initializing pageview tracking
vendor-sentry-DMzuDatH.js:15 MIXPANEL PEOPLE REQUEST (QUEUED, PENDING IDENTIFY):
vendor-sentry-DMzuDatH.js:15 {$set_once: {…}, $token: 'b0d7c97039e244366388b9a210c0b15a', $distinct_id: '468131992', $device_id: 'bbe782cb-491b-45b4-8b88-2cd5b4f935f0', $user_id: '468131992'}
vendor-sentry-DMzuDatH.js:15 [Telegram.WebView] < receiveEvent custom_method_invoked {req_id: 'sABGwJYHUN570VQz', result: true}
vendor-sentry-DMzuDatH.js:15 [Telegram.WebView] < receiveEvent custom_method_invoked {req_id: '8BRA9hkbtURIRZpv', result: true}
vendor-sentry-DMzuDatH.js:15 [Telegram.WebView] > postEvent web_app_invoke_custom_method {req_id: 'WoGQyrsM10VZQxFd', method: 'getStorageValues', params: {…}}
vendor-sentry-DMzuDatH.js:15 [Telegram.WebView] < receiveEvent custom_method_invoked {req_id: 'WoGQyrsM10VZQxFd', result: {…}}
vendor-sentry-DMzuDatH.js:15 [Telegram.WebView] > postEvent web_app_exit_fullscreen 
sdk.umd.js:193  ADS  SDK  SDK & Ads Initialization [1.23s]
sdk.umd.js:193  ADS  Orbit  Initialization [1.33s]
sdk.umd.js:193  ADS  Gigapub  Initialization [1.43s]
sdk.umd.js:193  ADS  Monetag  Initialization [1.70s]
vendor-sentry-DMzuDatH.js:15 [Telegram.WebView] > postEvent web_app_invoke_custom_method {req_id: 'zMWhvJImHSWegoQF', method: 'getStorageValues', params: {…}}
vendor-sentry-DMzuDatH.js:15 [Telegram.WebView] > postEvent web_app_setup_settings_button {is_visible: false}
vendor-sentry-DMzuDatH.js:15 [Telegram.WebView] > postEvent web_app_setup_settings_button {is_visible: true}
vendor-sentry-DMzuDatH.js:15 [Telegram.WebView] < receiveEvent custom_method_invoked {req_id: 'zMWhvJImHSWegoQF', result: {…}}
vendor-sentry-DMzuDatH.js:15 [initialize] Start for 958457-3130
vendor-sentry-DMzuDatH.js:15 [Telegram.WebView] > postEvent web_app_ready 
vendor-sentry-DMzuDatH.js:15 [Telegram.WebView] > postEvent web_app_expand 
vendor-sentry-DMzuDatH.js:15 [initialize] Start for 958457-4982
vendor-sentry-DMzuDatH.js:15 [Telegram.WebView] > postEvent web_app_ready 
vendor-sentry-DMzuDatH.js:15 [Telegram.WebView] > postEvent web_app_expand 
vendor-sentry-DMzuDatH.js:15 [initialize] Start for 958457-3077
vendor-sentry-DMzuDatH.js:15 [Telegram.WebView] > postEvent web_app_ready 
vendor-sentry-DMzuDatH.js:15 [Telegram.WebView] > postEvent web_app_expand 
vendor-sentry-DMzuDatH.js:15 [initialize] Start for 958457-4961
vendor-sentry-DMzuDatH.js:15 [Telegram.WebView] > postEvent web_app_ready 
vendor-sentry-DMzuDatH.js:15 [Telegram.WebView] > postEvent web_app_expand 
vendor-sentry-DMzuDatH.js:15 [Telegram.WebView] > postEvent web_app_trigger_haptic_feedback {type: 'impact', impact_style: 'soft'}
vendor-sentry-DMzuDatH.js:15 📊 [ANALYTICS:BLACKHOLE] portal_ads_black_hole_skip_cooldown
sdk.umd.js:193  ADS  SDK  requestRewardAd [4.29s]
vendor-sentry-DMzuDatH.js:15  ADS  SDK  Dispatching reward ad request [4.29s] {orbitInitialized: true, adType: 'gigapub', placementId: 'pl7'}adType: "gigapub"orbitInitialized: trueplacementId: "pl7"[[Prototype]]: Object
sdk.umd.js:193  ADS  Orbit  Showing Ad [4.30s]
vendor-sentry-DMzuDatH.js:15  ADS  Orbit  Starting ad display [4.30s] {transactionId: 'b5314a84-1fcb-4123-bdeb-4c49894499c8', zoneId: 38, placementId: 'pl7'}placementId: "pl7"transactionId: "b5314a84-1fcb-4123-bdeb-4c49894499c8"zoneId: 38[[Prototype]]: Object
vendor-sentry-DMzuDatH.js:15 [batch] MIXPANEL REQUEST: (5) [{…}, {…}, {…}, {…}, {…}]
vendor-sentry-DMzuDatH.js:15 [batch] MIXPANEL REQUEST: [{…}]
vendor-sentry-DMzuDatH.js:15 [Telegram.WebView] > postEvent web_app_invoke_custom_method {req_id: 'evhUD9bPDZ38UAKa', method: 'saveStorageValue', params: {…}}
vendor-sentry-DMzuDatH.js:15 [Telegram.WebView] < receiveEvent custom_method_invoked {req_id: 'evhUD9bPDZ38UAKa', result: true}req_id: "evhUD9bPDZ38UAKa"result: true[[Prototype]]: Object
vendor-sentry-DMzuDatH.js:15  ADS  Orbit  show took 35447ms
vendor-sentry-DMzuDatH.js:15  ADS  Orbit  showOrbitAds resolved [39.74s] {response: {…}, transactionId: 'b5314a84-1fcb-4123-bdeb-4c49894499c8'}response: {is_direct_sales: true, campaign: {…}}transactionId: "b5314a84-1fcb-4123-bdeb-4c49894499c8"[[Prototype]]: Object
vendor-sentry-DMzuDatH.js:15  ADS  Orbit  Ad shown successfully (internal ad) [39.74s]
vendor-sentry-DMzuDatH.js:15  ADS  SDK  requestRewardAd took 35450ms
vendor-sentry-DMzuDatH.js:15  ADS  SDK  Reward ad request completed [39.74s] {result: true}
vendor-sentry-DMzuDatH.js:15 [batch] MIXPANEL REQUEST: [{…}]
vendor-sentry-DMzuDatH.js:15 [Telegram.WebView] > postEvent web_app_trigger_haptic_feedback {type: 'notification', notification_type: 'error'}
